Determining if the pthread_create exist failed with the following output:
Change Dir: /home/cascasm/Desktop/slam/build/CMakeFiles/CMakeTmp

Run Build Command:"/usr/bin/make" "cmTC_6df54/fast"
/usr/bin/make -f CMakeFiles/cmTC_6df54.dir/build.make CMakeFiles/cmTC_6df54.dir/build
make[1]: Entering directory '/home/cascasm/Desktop/slam/build/CMakeFiles/CMakeTmp'
Building C object CMakeFiles/cmTC_6df54.dir/CheckSymbolExists.c.o
/usr/bin/cc    -o CMakeFiles/cmTC_6df54.dir/CheckSymbolExists.c.o   -c /home/cascasm/Desktop/slam/build/CMakeFiles/CMakeTmp/CheckSymbolExists.c
Linking C executable cmTC_6df54
/usr/bin/cmake -E cmake_link_script CMakeFiles/cmTC_6df54.dir/link.txt --verbose=1
/usr/bin/cc      -rdynamic CMakeFiles/cmTC_6df54.dir/CheckSymbolExists.c.o  -o cmTC_6df54 
CMakeFiles/cmTC_6df54.dir/CheckSymbolExists.c.o: In function `main':
CheckSymbolExists.c:(.text+0x1b): undefined reference to `pthread_create'
collect2: error: ld returned 1 exit status
CMakeFiles/cmTC_6df54.dir/build.make:97: recipe for target 'cmTC_6df54' failed
make[1]: *** [cmTC_6df54] Error 1
make[1]: Leaving directory '/home/cascasm/Desktop/slam/build/CMakeFiles/CMakeTmp'
Makefile:126: recipe for target 'cmTC_6df54/fast' failed
make: *** [cmTC_6df54/fast] Error 2

File /home/cascasm/Desktop/slam/build/CMakeFiles/CMakeTmp/CheckSymbolExists.c:
/* */
#include <pthread.h>

int main(int argc, char** argv)
{
  (void)argv;
#ifndef pthread_create
  return ((int*)(&pthread_create))[argc];
#else
  (void)argc;
  return 0;
#endif
}

Determining if the function pthread_create exists in the pthreads failed with the following output:
Change Dir: /home/cascasm/Desktop/slam/build/CMakeFiles/CMakeTmp

Run Build Command:"/usr/bin/make" "cmTC_f06bf/fast"
/usr/bin/make -f CMakeFiles/cmTC_f06bf.dir/build.make CMakeFiles/cmTC_f06bf.dir/build
make[1]: Entering directory '/home/cascasm/Desktop/slam/build/CMakeFiles/CMakeTmp'
Building C object CMakeFiles/cmTC_f06bf.dir/CheckFunctionExists.c.o
/usr/bin/cc   -DCHECK_FUNCTION_EXISTS=pthread_create   -o CMakeFiles/cmTC_f06bf.dir/CheckFunctionExists.c.o   -c /usr/share/cmake-3.10/Modules/CheckFunctionExists.c
Linking C executable cmTC_f06bf
/usr/bin/cmake -E cmake_link_script CMakeFiles/cmTC_f06bf.dir/link.txt --verbose=1
/usr/bin/cc  -DCHECK_FUNCTION_EXISTS=pthread_create    -rdynamic CMakeFiles/cmTC_f06bf.dir/CheckFunctionExists.c.o  -o cmTC_f06bf -lpthreads 
/usr/bin/ld: cannot find -lpthreads
collect2: error: ld returned 1 exit status
CMakeFiles/cmTC_f06bf.dir/build.make:97: recipe for target 'cmTC_f06bf' failed
make[1]: *** [cmTC_f06bf] Error 1
make[1]: Leaving directory '/home/cascasm/Desktop/slam/build/CMakeFiles/CMakeTmp'
Makefile:126: recipe for target 'cmTC_f06bf/fast' failed
make: *** [cmTC_f06bf/fast] Error 2


Determining if the Q_WS_WIN exist failed with the following output:
Change Dir: /home/cascasm/Desktop/slam/build/CMakeFiles/CMakeTmp

Run Build Command:"/usr/bin/make" "cmTC_0b984/fast"
make[1]: Entering directory '/home/cascasm/Desktop/slam/build/CMakeFiles/CMakeTmp'
/usr/bin/make -f CMakeFiles/cmTC_0b984.dir/build.make CMakeFiles/cmTC_0b984.dir/build
make[2]: Entering directory '/home/cascasm/Desktop/slam/build/CMakeFiles/CMakeTmp'
Building CXX object CMakeFiles/cmTC_0b984.dir/CheckSymbolExists.cxx.o
/usr/bin/c++   -I/usr/include/qt4   -o CMakeFiles/cmTC_0b984.dir/CheckSymbolExists.cxx.o -c /home/cascasm/Desktop/slam/build/CMakeFiles/CMakeTmp/CheckSymbolExists.cxx
/home/cascasm/Desktop/slam/build/CMakeFiles/CMakeTmp/CheckSymbolExists.cxx: In function ‘int main(int, char**)’:
/home/cascasm/Desktop/slam/build/CMakeFiles/CMakeTmp/CheckSymbolExists.cxx:8:19: error: ‘Q_WS_WIN’ was not declared in this scope
   return ((int*)(&Q_WS_WIN))[argc];
                   ^~~~~~~~
/home/cascasm/Desktop/slam/build/CMakeFiles/CMakeTmp/CheckSymbolExists.cxx:8:19: note: suggested alternative: ‘Q_WS_X11’
   return ((int*)(&Q_WS_WIN))[argc];
                   ^~~~~~~~
                   Q_WS_X11
CMakeFiles/cmTC_0b984.dir/build.make:65: recipe for target 'CMakeFiles/cmTC_0b984.dir/CheckSymbolExists.cxx.o' failed
make[2]: *** [CMakeFiles/cmTC_0b984.dir/CheckSymbolExists.cxx.o] Error 1
make[2]: Leaving directory '/home/cascasm/Desktop/slam/build/CMakeFiles/CMakeTmp'
Makefile:126: recipe for target 'cmTC_0b984/fast' failed
make[1]: *** [cmTC_0b984/fast] Error 2
make[1]: Leaving directory '/home/cascasm/Desktop/slam/build/CMakeFiles/CMakeTmp'

File /home/cascasm/Desktop/slam/build/CMakeFiles/CMakeTmp/CheckSymbolExists.cxx:
/* */
#include <QtCore/qglobal.h>

int main(int argc, char** argv)
{
  (void)argv;
#ifndef Q_WS_WIN
  return ((int*)(&Q_WS_WIN))[argc];
#else
  (void)argc;
  return 0;
#endif
}

Determining if the Q_WS_QWS exist failed with the following output:
Change Dir: /home/cascasm/Desktop/slam/build/CMakeFiles/CMakeTmp

Run Build Command:"/usr/bin/make" "cmTC_ade7c/fast"
make[1]: Entering directory '/home/cascasm/Desktop/slam/build/CMakeFiles/CMakeTmp'
/usr/bin/make -f CMakeFiles/cmTC_ade7c.dir/build.make CMakeFiles/cmTC_ade7c.dir/build
make[2]: Entering directory '/home/cascasm/Desktop/slam/build/CMakeFiles/CMakeTmp'
Building CXX object CMakeFiles/cmTC_ade7c.dir/CheckSymbolExists.cxx.o
/usr/bin/c++   -I/usr/include/qt4   -o CMakeFiles/cmTC_ade7c.dir/CheckSymbolExists.cxx.o -c /home/cascasm/Desktop/slam/build/CMakeFiles/CMakeTmp/CheckSymbolExists.cxx
/home/cascasm/Desktop/slam/build/CMakeFiles/CMakeTmp/CheckSymbolExists.cxx: In function ‘int main(int, char**)’:
/home/cascasm/Desktop/slam/build/CMakeFiles/CMakeTmp/CheckSymbolExists.cxx:8:19: error: ‘Q_WS_QWS’ was not declared in this scope
   return ((int*)(&Q_WS_QWS))[argc];
                   ^~~~~~~~
/home/cascasm/Desktop/slam/build/CMakeFiles/CMakeTmp/CheckSymbolExists.cxx:8:19: note: suggested alternative: ‘Q_WS_X11’
   return ((int*)(&Q_WS_QWS))[argc];
                   ^~~~~~~~
                   Q_WS_X11
CMakeFiles/cmTC_ade7c.dir/build.make:65: recipe for target 'CMakeFiles/cmTC_ade7c.dir/CheckSymbolExists.cxx.o' failed
make[2]: *** [CMakeFiles/cmTC_ade7c.dir/CheckSymbolExists.cxx.o] Error 1
make[2]: Leaving directory '/home/cascasm/Desktop/slam/build/CMakeFiles/CMakeTmp'
Makefile:126: recipe for target 'cmTC_ade7c/fast' failed
make[1]: *** [cmTC_ade7c/fast] Error 2
make[1]: Leaving directory '/home/cascasm/Desktop/slam/build/CMakeFiles/CMakeTmp'

File /home/cascasm/Desktop/slam/build/CMakeFiles/CMakeTmp/CheckSymbolExists.cxx:
/* */
#include <QtCore/qglobal.h>

int main(int argc, char** argv)
{
  (void)argv;
#ifndef Q_WS_QWS
  return ((int*)(&Q_WS_QWS))[argc];
#else
  (void)argc;
  return 0;
#endif
}

Determining if the Q_WS_MAC exist failed with the following output:
Change Dir: /home/cascasm/Desktop/slam/build/CMakeFiles/CMakeTmp

Run Build Command:"/usr/bin/make" "cmTC_c3959/fast"
make[1]: Entering directory '/home/cascasm/Desktop/slam/build/CMakeFiles/CMakeTmp'
/usr/bin/make -f CMakeFiles/cmTC_c3959.dir/build.make CMakeFiles/cmTC_c3959.dir/build
make[2]: Entering directory '/home/cascasm/Desktop/slam/build/CMakeFiles/CMakeTmp'
Building CXX object CMakeFiles/cmTC_c3959.dir/CheckSymbolExists.cxx.o
/usr/bin/c++   -I/usr/include/qt4   -o CMakeFiles/cmTC_c3959.dir/CheckSymbolExists.cxx.o -c /home/cascasm/Desktop/slam/build/CMakeFiles/CMakeTmp/CheckSymbolExists.cxx
/home/cascasm/Desktop/slam/build/CMakeFiles/CMakeTmp/CheckSymbolExists.cxx: In function ‘int main(int, char**)’:
/home/cascasm/Desktop/slam/build/CMakeFiles/CMakeTmp/CheckSymbolExists.cxx:8:19: error: ‘Q_WS_MAC’ was not declared in this scope
   return ((int*)(&Q_WS_MAC))[argc];
                   ^~~~~~~~
/home/cascasm/Desktop/slam/build/CMakeFiles/CMakeTmp/CheckSymbolExists.cxx:8:19: note: suggested alternative: ‘Q_WS_X11’
   return ((int*)(&Q_WS_MAC))[argc];
                   ^~~~~~~~
                   Q_WS_X11
CMakeFiles/cmTC_c3959.dir/build.make:65: recipe for target 'CMakeFiles/cmTC_c3959.dir/CheckSymbolExists.cxx.o' failed
make[2]: *** [CMakeFiles/cmTC_c3959.dir/CheckSymbolExists.cxx.o] Error 1
make[2]: Leaving directory '/home/cascasm/Desktop/slam/build/CMakeFiles/CMakeTmp'
Makefile:126: recipe for target 'cmTC_c3959/fast' failed
make[1]: *** [cmTC_c3959/fast] Error 2
make[1]: Leaving directory '/home/cascasm/Desktop/slam/build/CMakeFiles/CMakeTmp'

File /home/cascasm/Desktop/slam/build/CMakeFiles/CMakeTmp/CheckSymbolExists.cxx:
/* */
#include <QtCore/qglobal.h>

int main(int argc, char** argv)
{
  (void)argv;
#ifndef Q_WS_MAC
  return ((int*)(&Q_WS_MAC))[argc];
#else
  (void)argc;
  return 0;
#endif
}

